Using pre-set license
Built from '2021.3/china_unity/release' branch; Version is '2021.3.4f1c1 (64682593795a) revision 6580261'; Using compiler version '192829333'; Build Type 'Release'
OS: 'Windows 10  (10.0.19044) 64bit CoreCountrySpecific' Language: 'zh' Physical Memory: 8037 MB
BatchMode: 1, IsHumanControllingUs: 0, StartBugReporterOnCrash: 0, Is64bit: 1, IsPro: 1

COMMAND LINE ARGUMENTS:
D:\Soft\Unity3d\Unity 2021.3.4f1c1\2021.3.4f1c1\Editor\Unity.exe
-adb2
-batchMode
-noUpm
-name
AssetImportWorker0
-projectPath
D:/ThisComputer/Desktop/桌面文件/Unity3d/Package2/App
-logFile
Logs/AssetImportWorker0.log
-srvPort
6305
Successfully changed project path to: D:/ThisComputer/Desktop/桌面文件/Unity3d/Package2/App
D:/ThisComputer/Desktop/桌面文件/Unity3d/Package2/App
[UnityMemory] Configuration Parameters - Can be set up in boot.config
    "memorysetup-bucket-allocator-granularity=16"
    "memorysetup-bucket-allocator-bucket-count=8"
    "memorysetup-bucket-allocator-block-size=33554432"
    "memorysetup-bucket-allocator-block-count=8"
    "memorysetup-main-allocator-block-size=16777216"
    "memorysetup-thread-allocator-block-size=16777216"
    "memorysetup-gfx-main-allocator-block-size=16777216"
    "memorysetup-gfx-thread-allocator-block-size=16777216"
    "memorysetup-cache-allocator-block-size=4194304"
    "memorysetup-typetree-allocator-block-size=2097152"
    "memorysetup-profiler-bucket-allocator-granularity=16"
    "memorysetup-profiler-bucket-allocator-bucket-count=8"
    "memorysetup-profiler-bucket-allocator-block-size=33554432"
    "memorysetup-profiler-bucket-allocator-block-count=8"
    "memorysetup-profiler-allocator-block-size=16777216"
    "memorysetup-profiler-editor-allocator-block-size=1048576"
    "memorysetup-temp-allocator-size-main=16777216"
    "memorysetup-job-temp-allocator-block-size=2097152"
    "memorysetup-job-temp-allocator-block-size-background=1048576"
    "memorysetup-job-temp-allocator-reduction-small-platforms=262144"
    "memorysetup-temp-allocator-size-background-worker=32768"
    "memorysetup-temp-allocator-size-job-worker=262144"
    "memorysetup-temp-allocator-size-preload-manager=33554432"
    "memorysetup-temp-allocator-size-nav-mesh-worker=65536"
    "memorysetup-temp-allocator-size-audio-worker=65536"
    "memorysetup-temp-allocator-size-cloud-worker=32768"
    "memorysetup-temp-allocator-size-gi-baking-worker=262144"
    "memorysetup-temp-allocator-size-gfx=262144"
AS: AutoStreaming module initializing.
Refreshing native plugins compatible for Editor in 122.48 ms, found 3 plugins.
Preloading 0 native plugins for Editor in 0.00 ms.
Initialize engine version: 2021.3.4f1c1 (64682593795a)
[Subsystems] Discovering subsystems at path D:/Soft/Unity3d/Unity 2021.3.4f1c1/2021.3.4f1c1/Editor/Data/Resources/UnitySubsystems
[Subsystems] Discovering subsystems at path D:/ThisComputer/Desktop/桌面文件/Unity3d/Package2/App/Assets
GfxDevice: creating device client; threaded=0; jobified=0
Direct3D:
    Version:  Direct3D 11.0 [level 11.1]
    Renderer: Intel(R) UHD Graphics 620 (ID=0x3ea0)
    Vendor:   Intel
    VRAM:     4018 MB
    Driver:   27.20.100.8984
Initialize mono
Mono path[0] = 'D:/Soft/Unity3d/Unity 2021.3.4f1c1/2021.3.4f1c1/Editor/Data/Managed'
Mono path[1] = 'D:/Soft/Unity3d/Unity 2021.3.4f1c1/2021.3.4f1c1/Editor/Data/MonoBleedingEdge/lib/mono/unityjit-win32'
Mono config path = 'D:/Soft/Unity3d/Unity 2021.3.4f1c1/2021.3.4f1c1/Editor/Data/MonoBleedingEdge/etc'
Using monoOptions --debugger-agent=transport=dt_socket,embedding=1,server=y,suspend=n,address=127.0.0.1:56212
Begin MonoManager ReloadAssembly
Registering precompiled unity dll's ...
Register platform support module: D:/Soft/Unity3d/Unity 2021.3.4f1c1/2021.3.4f1c1/Editor/Data/PlaybackEngines/WebGLSupport/UnityEditor.WebGL.Extensions.dll
Register platform support module: D:/Soft/Unity3d/Unity 2021.3.4f1c1/2021.3.4f1c1/Editor/Data/PlaybackEngines/WindowsStandaloneSupport/UnityEditor.WindowsStandalone.Extensions.dll
Registered in 0.008743 seconds.
Native extension for WindowsStandalone target not found
Native extension for WebGL target not found
Refreshing native plugins compatible for Editor in 160.49 ms, found 3 plugins.
Preloading 0 native plugins for Editor in 0.00 ms.
Mono: successfully reloaded assembly
- Completed reload, in  1.228 seconds
Domain Reload Profiling:
	ReloadAssembly (1228ms)
		BeginReloadAssembly (136ms)
			ExecutionOrderSort (0ms)
			DisableScriptedObjects (0ms)
			BackupInstance (0ms)
			ReleaseScriptingObjects (0ms)
			CreateAndSetChildDomain (1ms)
		EndReloadAssembly (898ms)
			LoadAssemblies (131ms)
			RebuildTransferFunctionScriptingTraits (0ms)
			SetupTypeCache (188ms)
			ReleaseScriptCaches (0ms)
			RebuildScriptCaches (62ms)
			SetupLoadedEditorAssemblies (537ms)
				LogAssemblyErrors (0ms)
				InitializePlatformSupportModulesInManaged (22ms)
				SetLoadedEditorAssemblies (0ms)
				RefreshPlugins (161ms)
				BeforeProcessingInitializeOnLoad (2ms)
				ProcessInitializeOnLoadAttributes (256ms)
				ProcessInitializeOnLoadMethodAttributes (95ms)
				AfterProcessingInitializeOnLoad (0ms)
				EditorAssembliesLoaded (0ms)
			ExecutionOrderSort2 (0ms)
			AwakeInstancesAfterBackupRestoration (0ms)
Platform modules already initialized, skipping
Registering precompiled user dll's ...
Registered in 0.019445 seconds.
Begin MonoManager ReloadAssembly
Symbol file LoadedFromMemory doesn't match image D:\ThisComputer\Desktop\桌面文件\Unity3d\Package2\App\Library\PackageCache\com.unity.visualscripting@1.7.8\Editor\VisualScripting.Core\Dependencies\YamlDotNet\Unity.VisualScripting.YamlDotNet.dll
Symbol file LoadedFromMemory doesn't match image D:\ThisComputer\Desktop\桌面文件\Unity3d\Package2\App\Library\PackageCache\com.unity.visualscripting@1.7.8\Editor\VisualScripting.Core\Dependencies\DotNetZip\Unity.VisualScripting.IonicZip.dll
Native extension for WindowsStandalone target not found
Native extension for WebGL target not found
Refreshing native plugins compatible for Editor in 1.10 ms, found 3 plugins.
Preloading 0 native plugins for Editor in 0.00 ms.
Mono: successfully reloaded assembly
- Completed reload, in  2.015 seconds
Domain Reload Profiling:
	ReloadAssembly (2017ms)
		BeginReloadAssembly (235ms)
			ExecutionOrderSort (0ms)
			DisableScriptedObjects (11ms)
			BackupInstance (0ms)
			ReleaseScriptingObjects (0ms)
			CreateAndSetChildDomain (29ms)
		EndReloadAssembly (1565ms)
			LoadAssemblies (191ms)
			RebuildTransferFunctionScriptingTraits (0ms)
			SetupTypeCache (489ms)
			ReleaseScriptCaches (2ms)
			RebuildScriptCaches (107ms)
			SetupLoadedEditorAssemblies (712ms)
				LogAssemblyErrors (0ms)
				InitializePlatformSupportModulesInManaged (15ms)
				SetLoadedEditorAssemblies (1ms)
				RefreshPlugins (1ms)
				BeforeProcessingInitializeOnLoad (178ms)
				ProcessInitializeOnLoadAttributes (437ms)
				ProcessInitializeOnLoadMethodAttributes (57ms)
				AfterProcessingInitializeOnLoad (22ms)
				EditorAssembliesLoaded (0ms)
			ExecutionOrderSort2 (0ms)
			AwakeInstancesAfterBackupRestoration (13ms)
Platform modules already initialized, skipping
========================================================================
Worker process is ready to serve import requests
Launched and connected shader compiler UnityShaderCompiler.exe after 0.06 seconds
Refreshing native plugins compatible for Editor in 1.12 ms, found 3 plugins.
Preloading 0 native plugins for Editor in 0.00 ms.
Unloading 3422 Unused Serialized files (Serialized files now loaded: 0)
Unloading 25 unused Assets / (55.3 KB). Loaded Objects now: 3882.
Memory consumption went from 119.4 MB to 119.3 MB.
Total: 5.124300 ms (FindLiveObjects: 0.364000 ms CreateObjectMapping: 0.314300 ms MarkObjects: 4.354200 ms  DeleteObjects: 0.090300 ms)

AssetImportParameters requested are different than current active one (requested -> active):
  custom:video-decoder-ogg-theora: a1e56fd34408186e4bbccfd4996cb3dc -> 
  custom:container-muxer-webm: aa71ff27fc2769a1b78a27578f13a17b -> 
  custom:container-demuxer-webm: 4f35f7cbe854078d1ac9338744f61a02 -> 
  custom:video-encoder-webm-vp8: eb34c28f22e8b96e1ab97ce403110664 -> 
  custom:audio-encoder-webm-vorbis: bf7c407c2cedff20999df2af8eb42d56 -> 
  custom:framework-win-MediaFoundation: 216162199b28c13a410421893ffa2e32 -> 
  custom:container-demuxer-ogg: 62fdf1f143b41e24485cea50d1cbac27 -> 
  custom:video-decoder-webm-vp8: 9c59270c3fd7afecdb556c50c9e8de78 -> 
  custom:audio-decoder-ogg-vorbis: bf7c407c2cedff20999df2af8eb42d56 -> 
========================================================================
Received Import Request.
  Time since last request: 858325.329098 seconds.
  path: Assets/Scenes/Mouth2/ui02-1-2.unity
  artifactKey: Guid(5ddcbffee59ec85428e944db5488dc44) Importer(815301076,1909f56bfc062723c751e8b465ee728b)
Start importing Assets/Scenes/Mouth2/ui02-1-2.unity using Guid(5ddcbffee59ec85428e944db5488dc44) Importer(815301076,1909f56bfc062723c751e8b465ee728b)  -> (artifact id: 'f2407b0c89f3eebc224e5280ede3c532') in 0.010769 seconds 
========================================================================
Received Import Request.
  Time since last request: 83.857220 seconds.
  path: Assets/Scenes/Mouth2/ui02-1-3.unity
  artifactKey: Guid(45ad3fcc60dec034480ff07cce4091f2) Importer(815301076,1909f56bfc062723c751e8b465ee728b)
Start importing Assets/Scenes/Mouth2/ui02-1-3.unity using Guid(45ad3fcc60dec034480ff07cce4091f2) Importer(815301076,1909f56bfc062723c751e8b465ee728b)  -> (artifact id: '1e58382ce810e2d339522245805bb94b') in 0.007063 seconds 
========================================================================
Received Import Request.
  Time since last request: 97.049854 seconds.
  path: Assets/Scenes/Mouth2/ui02-1-4.unity
  artifactKey: Guid(6e7af9cc202ce9b4583def34b6128b4e) Importer(815301076,1909f56bfc062723c751e8b465ee728b)
Start importing Assets/Scenes/Mouth2/ui02-1-4.unity using Guid(6e7af9cc202ce9b4583def34b6128b4e) Importer(815301076,1909f56bfc062723c751e8b465ee728b)  -> (artifact id: 'd1cda3cd466f9b4bdddeb04dc76a63c8') in 0.004956 seconds 
========================================================================
Received Import Request.
  Time since last request: 116.969947 seconds.
  path: Assets/Scenes/Mouth2/ui02-1-5.unity
  artifactKey: Guid(534a0b28d771c624683712d8bb3563f4) Importer(815301076,1909f56bfc062723c751e8b465ee728b)
Start importing Assets/Scenes/Mouth2/ui02-1-5.unity using Guid(534a0b28d771c624683712d8bb3563f4) Importer(815301076,1909f56bfc062723c751e8b465ee728b)  -> (artifact id: '74a552df8bd190c2da44b72514c481e1') in 0.012482 seconds 
========================================================================
Received Import Request.
  Time since last request: 119.233428 seconds.
  path: Assets/Scenes/Mouth2/ui02-1.unity
  artifactKey: Guid(c18952e82f7994440aefe74d401adb5e) Importer(815301076,1909f56bfc062723c751e8b465ee728b)
Start importing Assets/Scenes/Mouth2/ui02-1.unity using Guid(c18952e82f7994440aefe74d401adb5e) Importer(815301076,1909f56bfc062723c751e8b465ee728b)  -> (artifact id: '5f1f1af01394b5ecf863edbe9a131561') in 0.005201 seconds 
========================================================================
Received Import Request.
  Time since last request: 1.794236 seconds.
  path: Assets/Scenes/Mouth2/ui02-2-1.unity
  artifactKey: Guid(15984e17dc5527445a53e3acfffc0f3b) Importer(815301076,1909f56bfc062723c751e8b465ee728b)
Start importing Assets/Scenes/Mouth2/ui02-2-1.unity using Guid(15984e17dc5527445a53e3acfffc0f3b) Importer(815301076,1909f56bfc062723c751e8b465ee728b)  -> (artifact id: '62d90a39754e80bd12226a995ef31f25') in 0.013895 seconds 
========================================================================
Received Import Request.
  Time since last request: 101.664362 seconds.
  path: Assets/Scenes/Mouth2/ui02-2-2.unity
  artifactKey: Guid(f65d33edf2cc17b4dade533eeda3d974) Importer(815301076,1909f56bfc062723c751e8b465ee728b)
Start importing Assets/Scenes/Mouth2/ui02-2-2.unity using Guid(f65d33edf2cc17b4dade533eeda3d974) Importer(815301076,1909f56bfc062723c751e8b465ee728b)  -> (artifact id: 'a9fb33ecb4f77e3a491624f8234de28f') in 0.005981 seconds 
========================================================================
Received Import Request.
  Time since last request: 91.556619 seconds.
  path: Assets/Scenes/Mouth2/ui02-2-3.unity
  artifactKey: Guid(47346bff7f3f76f479a3a5541ca78a26) Importer(815301076,1909f56bfc062723c751e8b465ee728b)
Start importing Assets/Scenes/Mouth2/ui02-2-3.unity using Guid(47346bff7f3f76f479a3a5541ca78a26) Importer(815301076,1909f56bfc062723c751e8b465ee728b)  -> (artifact id: '7544dad423dfe6a57cd98d14dccb0003') in 0.005217 seconds 
========================================================================
Received Import Request.
  Time since last request: 108.305486 seconds.
  path: Assets/Scenes/Mouth2/ui02-2-4.unity
  artifactKey: Guid(f0fc1f237a21a0d428dd01ed53404682) Importer(815301076,1909f56bfc062723c751e8b465ee728b)
Start importing Assets/Scenes/Mouth2/ui02-2-4.unity using Guid(f0fc1f237a21a0d428dd01ed53404682) Importer(815301076,1909f56bfc062723c751e8b465ee728b)  -> (artifact id: '5b895ffa2e6690b680ecf87ac3d1d7f7') in 0.013285 seconds 
========================================================================
Received Import Request.
  Time since last request: 410.317963 seconds.
  path: Assets/Scenes/Mouth2/ui02-2-5.unity
  artifactKey: Guid(028b2017292d0dc42905a973b80da6ea) Importer(815301076,1909f56bfc062723c751e8b465ee728b)
Start importing Assets/Scenes/Mouth2/ui02-2-5.unity using Guid(028b2017292d0dc42905a973b80da6ea) Importer(815301076,1909f56bfc062723c751e8b465ee728b)  -> (artifact id: '50a6e54de1f461f0f2afd449922b8de8') in 0.013149 seconds 
========================================================================
Received Import Request.
  Time since last request: 519.558350 seconds.
  path: Assets/Scenes/Mouth3/ui03-1-2.unity
  artifactKey: Guid(3cb9654b54eb0ef459ad2b0f22d547e4) Importer(815301076,1909f56bfc062723c751e8b465ee728b)
Start importing Assets/Scenes/Mouth3/ui03-1-2.unity using Guid(3cb9654b54eb0ef459ad2b0f22d547e4) Importer(815301076,1909f56bfc062723c751e8b465ee728b)  -> (artifact id: '13297f04f5c7b8cbd4f96fa695af3ce0') in 0.005428 seconds 
========================================================================
Received Prepare
Registering precompiled user dll's ...
Registered in 0.022175 seconds.
Begin MonoManager ReloadAssembly
Symbol file LoadedFromMemory doesn't match image D:\ThisComputer\Desktop\桌面文件\Unity3d\Package2\App\Library\PackageCache\com.unity.visualscripting@1.7.8\Editor\VisualScripting.Core\Dependencies\YamlDotNet\Unity.VisualScripting.YamlDotNet.dll
Symbol file LoadedFromMemory doesn't match image D:\ThisComputer\Desktop\桌面文件\Unity3d\Package2\App\Library\PackageCache\com.unity.visualscripting@1.7.8\Editor\VisualScripting.Core\Dependencies\DotNetZip\Unity.VisualScripting.IonicZip.dll
Native extension for WindowsStandalone target not found
Native extension for WebGL target not found
Refreshing native plugins compatible for Editor in 4.17 ms, found 3 plugins.
Preloading 0 native plugins for Editor in 0.00 ms.
Mono: successfully reloaded assembly
- Completed reload, in  7.964 seconds
Domain Reload Profiling:
	ReloadAssembly (7972ms)
		BeginReloadAssembly (1552ms)
			ExecutionOrderSort (0ms)
			DisableScriptedObjects (64ms)
			BackupInstance (0ms)
			ReleaseScriptingObjects (0ms)
			CreateAndSetChildDomain (484ms)
		EndReloadAssembly (5695ms)
			LoadAssemblies (739ms)
			RebuildTransferFunctionScriptingTraits (2ms)
			SetupTypeCache (1623ms)
			ReleaseScriptCaches (7ms)
			RebuildScriptCaches (198ms)
			SetupLoadedEditorAssemblies (2799ms)
				LogAssemblyErrors (0ms)
				InitializePlatformSupportModulesInManaged (115ms)
				SetLoadedEditorAssemblies (6ms)
				RefreshPlugins (5ms)
				BeforeProcessingInitializeOnLoad (589ms)
				ProcessInitializeOnLoadAttributes (1683ms)
				ProcessInitializeOnLoadMethodAttributes (269ms)
				AfterProcessingInitializeOnLoad (131ms)
				EditorAssembliesLoaded (1ms)
			ExecutionOrderSort2 (0ms)
			AwakeInstancesAfterBackupRestoration (51ms)
Platform modules already initialized, skipping
Refreshing native plugins compatible for Editor in 11.90 ms, found 3 plugins.
Preloading 0 native plugins for Editor in 0.00 ms.
Unloading 3415 Unused Serialized files (Serialized files now loaded: 0)
Unloading 18 unused Assets / (24.7 KB). Loaded Objects now: 3885.
Memory consumption went from 119.2 MB to 119.2 MB.
Total: 13.772900 ms (FindLiveObjects: 1.104800 ms CreateObjectMapping: 0.950900 ms MarkObjects: 11.598000 ms  DeleteObjects: 0.113800 ms)

AssetImportParameters requested are different than current active one (requested -> active):
  custom:video-decoder-ogg-theora: a1e56fd34408186e4bbccfd4996cb3dc -> 
  custom:container-muxer-webm: aa71ff27fc2769a1b78a27578f13a17b -> 
  custom:container-demuxer-webm: 4f35f7cbe854078d1ac9338744f61a02 -> 
  custom:video-encoder-webm-vp8: eb34c28f22e8b96e1ab97ce403110664 -> 
  custom:audio-encoder-webm-vorbis: bf7c407c2cedff20999df2af8eb42d56 -> 
  custom:framework-win-MediaFoundation: 216162199b28c13a410421893ffa2e32 -> 
  custom:container-demuxer-ogg: 62fdf1f143b41e24485cea50d1cbac27 -> 
  custom:video-decoder-webm-vp8: 9c59270c3fd7afecdb556c50c9e8de78 -> 
  custom:audio-decoder-ogg-vorbis: bf7c407c2cedff20999df2af8eb42d56 -> 
========================================================================
Received Import Request.
  Time since last request: 2915.302833 seconds.
  path: Assets/Scenes/Mouth3/ui03-2-3.unity
  artifactKey: Guid(86cbe3141ec9131488ab0a510be7a3a4) Importer(815301076,1909f56bfc062723c751e8b465ee728b)
Start importing Assets/Scenes/Mouth3/ui03-2-3.unity using Guid(86cbe3141ec9131488ab0a510be7a3a4) Importer(815301076,1909f56bfc062723c751e8b465ee728b)  -> (artifact id: 'a58ad848ceb5b2f248db50a0e008e492') in 0.014113 seconds 
========================================================================
Received Import Request.
  Time since last request: 199.467590 seconds.
  path: Assets/Scenes/Mouth3/ui03-2-4.unity
  artifactKey: Guid(9e02a3c593eedf04d8a75826d29194c0) Importer(815301076,1909f56bfc062723c751e8b465ee728b)
Start importing Assets/Scenes/Mouth3/ui03-2-4.unity using Guid(9e02a3c593eedf04d8a75826d29194c0) Importer(815301076,1909f56bfc062723c751e8b465ee728b)  -> (artifact id: '1cb4f656334d7b2d7d8344353ec49e6e') in 0.012468 seconds 
========================================================================
Received Import Request.
  Time since last request: 52.610437 seconds.
  path: Assets/Scenes/Mouth3/ui03-1-1.unity
  artifactKey: Guid(c50eff07d2bd23b479606091e77ffb9a) Importer(815301076,1909f56bfc062723c751e8b465ee728b)
Start importing Assets/Scenes/Mouth3/ui03-1-1.unity using Guid(c50eff07d2bd23b479606091e77ffb9a) Importer(815301076,1909f56bfc062723c751e8b465ee728b)  -> (artifact id: 'a11ec06158dccfccf5699fe1628a394b') in 0.009609 seconds 
========================================================================
Received Import Request.
  Time since last request: 20.758650 seconds.
  path: Assets/脱位性损伤FBX/S.png
  artifactKey: Guid(c367d8328d1c6874ca724e78178df6b3) Importer(815301076,1909f56bfc062723c751e8b465ee728b)
Start importing Assets/脱位性损伤FBX/S.png using Guid(c367d8328d1c6874ca724e78178df6b3) Importer(815301076,1909f56bfc062723c751e8b465ee728b)  -> (artifact id: 'e3ce08051e1ea9a709fd03a9b72f1120') in 0.158525 seconds 
========================================================================
Received Import Request.
  Time since last request: 1.835498 seconds.
  path: Assets/脱位性损伤FBX/M.png
  artifactKey: Guid(8525d334f1893fa4395fe8204422744e) Importer(815301076,1909f56bfc062723c751e8b465ee728b)
Start importing Assets/脱位性损伤FBX/M.png using Guid(8525d334f1893fa4395fe8204422744e) Importer(815301076,1909f56bfc062723c751e8b465ee728b)  -> (artifact id: 'b495018e1a3cb0cbee08f41aa8e67c11') in 0.015305 seconds 
========================================================================
Received Import Request.
  Time since last request: 0.654371 seconds.
  path: Assets/脱位性损伤FBX/G.png
  artifactKey: Guid(0fd8240962e254a409d7f10ebe929b1d) Importer(815301076,1909f56bfc062723c751e8b465ee728b)
Start importing Assets/脱位性损伤FBX/G.png using Guid(0fd8240962e254a409d7f10ebe929b1d) Importer(815301076,1909f56bfc062723c751e8b465ee728b)  -> (artifact id: '24f7bedb431acf72e07961c628a92158') in 0.013334 seconds 
========================================================================
Received Import Request.
  Time since last request: 33.372456 seconds.
  path: Assets/Scenes/Mouth3/ui03-2-5.unity
  artifactKey: Guid(c94bf422296c8a6478f4f5275dc17c65) Importer(815301076,1909f56bfc062723c751e8b465ee728b)
Start importing Assets/Scenes/Mouth3/ui03-2-5.unity using Guid(c94bf422296c8a6478f4f5275dc17c65) Importer(815301076,1909f56bfc062723c751e8b465ee728b)  -> (artifact id: '7c2854d01c69a8f5dffb0ca4317be428') in 0.003343 seconds 
========================================================================
Received Import Request.
  Time since last request: 73.370880 seconds.
  path: Assets/脱位性损伤FBX/Y.png
  artifactKey: Guid(d42746aa9ab46604fbd9e7cbf7555c6d) Importer(815301076,1909f56bfc062723c751e8b465ee728b)
Start importing Assets/脱位性损伤FBX/Y.png using Guid(d42746aa9ab46604fbd9e7cbf7555c6d) Importer(815301076,1909f56bfc062723c751e8b465ee728b)  -> (artifact id: 'dda5a0a02452e450f2ec5e55579c073e') in 0.016625 seconds 
========================================================================
Received Import Request.
  Time since last request: 135.001748 seconds.
  path: Assets/牙外伤FBX
  artifactKey: Guid(8580eb8f03667114fb754acc05b9e19c) Importer(815301076,1909f56bfc062723c751e8b465ee728b)
Start importing Assets/牙外伤FBX using Guid(8580eb8f03667114fb754acc05b9e19c) Importer(815301076,1909f56bfc062723c751e8b465ee728b)  -> (artifact id: '4005ba7e0c84d2d64834a621b71808ac') in 0.005436 seconds 
========================================================================
Received Import Request.
  Time since last request: 21.430212 seconds.
  path: Assets/脱位性损伤FBX
  artifactKey: Guid(dd705df13bb208849ae3143ed1455350) Importer(815301076,1909f56bfc062723c751e8b465ee728b)
Start importing Assets/脱位性损伤FBX using Guid(dd705df13bb208849ae3143ed1455350) Importer(815301076,1909f56bfc062723c751e8b465ee728b)  -> (artifact id: '8e8310fe8608ad1429a6e0119fad43bd') in 0.004986 seconds 
========================================================================
Received Import Request.
  Time since last request: 12.888328 seconds.
  path: Assets/脱位性损伤FBX/牙震荡.fbm
  artifactKey: Guid(3f89c4a52c694294097318162a15efae) Importer(815301076,1909f56bfc062723c751e8b465ee728b)
Start importing Assets/脱位性损伤FBX/牙震荡.fbm using Guid(3f89c4a52c694294097318162a15efae) Importer(815301076,1909f56bfc062723c751e8b465ee728b)  -> (artifact id: '742aa935b0a708896ff4e53bde3ed7bf') in 0.004703 seconds 
========================================================================
Received Import Request.
  Time since last request: 179.002826 seconds.
  path: Assets/Scenes/Mouth3/ui03-2-3.unity
  artifactKey: Guid(86cbe3141ec9131488ab0a510be7a3a4) Importer(815301076,1909f56bfc062723c751e8b465ee728b)
Start importing Assets/Scenes/Mouth3/ui03-2-3.unity using Guid(86cbe3141ec9131488ab0a510be7a3a4) Importer(815301076,1909f56bfc062723c751e8b465ee728b)  -> (artifact id: '597b12e7ad25d062e7f1aac0c24fdd29') in 0.003754 seconds 
========================================================================
Received Prepare
Registering precompiled user dll's ...
Registered in 0.019873 seconds.
Begin MonoManager ReloadAssembly
Symbol file LoadedFromMemory doesn't match image D:\ThisComputer\Desktop\桌面文件\Unity3d\Package2\App\Library\PackageCache\com.unity.visualscripting@1.7.8\Editor\VisualScripting.Core\Dependencies\YamlDotNet\Unity.VisualScripting.YamlDotNet.dll
Symbol file LoadedFromMemory doesn't match image D:\ThisComputer\Desktop\桌面文件\Unity3d\Package2\App\Library\PackageCache\com.unity.visualscripting@1.7.8\Editor\VisualScripting.Core\Dependencies\DotNetZip\Unity.VisualScripting.IonicZip.dll
Native extension for WindowsStandalone target not found
Native extension for WebGL target not found
Refreshing native plugins compatible for Editor in 1.28 ms, found 3 plugins.
Preloading 0 native plugins for Editor in 0.00 ms.
Mono: successfully reloaded assembly
- Completed reload, in  5.181 seconds
Domain Reload Profiling:
	ReloadAssembly (5186ms)
		BeginReloadAssembly (529ms)
			ExecutionOrderSort (0ms)
			DisableScriptedObjects (16ms)
			BackupInstance (0ms)
			ReleaseScriptingObjects (0ms)
			CreateAndSetChildDomain (159ms)
		EndReloadAssembly (4178ms)
			LoadAssemblies (415ms)
			RebuildTransferFunctionScriptingTraits (0ms)
			SetupTypeCache (1273ms)
			ReleaseScriptCaches (3ms)
			RebuildScriptCaches (213ms)
			SetupLoadedEditorAssemblies (2067ms)
				LogAssemblyErrors (0ms)
				InitializePlatformSupportModulesInManaged (22ms)
				SetLoadedEditorAssemblies (1ms)
				RefreshPlugins (1ms)
				BeforeProcessingInitializeOnLoad (372ms)
				ProcessInitializeOnLoadAttributes (1423ms)
				ProcessInitializeOnLoadMethodAttributes (171ms)
				AfterProcessingInitializeOnLoad (75ms)
				EditorAssembliesLoaded (1ms)
			ExecutionOrderSort2 (0ms)
			AwakeInstancesAfterBackupRestoration (29ms)
Platform modules already initialized, skipping
Refreshing native plugins compatible for Editor in 14.26 ms, found 3 plugins.
Preloading 0 native plugins for Editor in 0.00 ms.
Unloading 3415 Unused Serialized files (Serialized files now loaded: 0)
Unloading 18 unused Assets / (24.7 KB). Loaded Objects now: 3890.
Memory consumption went from 119.3 MB to 119.2 MB.
Total: 13.169600 ms (FindLiveObjects: 0.685400 ms CreateObjectMapping: 0.580400 ms MarkObjects: 11.782700 ms  DeleteObjects: 0.117500 ms)

AssetImportParameters requested are different than current active one (requested -> active):
  custom:video-decoder-ogg-theora: a1e56fd34408186e4bbccfd4996cb3dc -> 
  custom:container-muxer-webm: aa71ff27fc2769a1b78a27578f13a17b -> 
  custom:container-demuxer-webm: 4f35f7cbe854078d1ac9338744f61a02 -> 
  custom:video-encoder-webm-vp8: eb34c28f22e8b96e1ab97ce403110664 -> 
  custom:audio-encoder-webm-vorbis: bf7c407c2cedff20999df2af8eb42d56 -> 
  custom:framework-win-MediaFoundation: 216162199b28c13a410421893ffa2e32 -> 
  custom:container-demuxer-ogg: 62fdf1f143b41e24485cea50d1cbac27 -> 
  custom:video-decoder-webm-vp8: 9c59270c3fd7afecdb556c50c9e8de78 -> 
  custom:audio-decoder-ogg-vorbis: bf7c407c2cedff20999df2af8eb42d56 -> 
========================================================================
Received Prepare
Refreshing native plugins compatible for Editor in 9.70 ms, found 3 plugins.
Preloading 0 native plugins for Editor in 0.00 ms.
Unloading 18 Unused Serialized files (Serialized files now loaded: 0)
Unloading 18 unused Assets / (21.9 KB). Loaded Objects now: 3890.
Memory consumption went from 51.3 MB to 51.3 MB.
Total: 5.597400 ms (FindLiveObjects: 0.316100 ms CreateObjectMapping: 0.217000 ms MarkObjects: 5.028200 ms  DeleteObjects: 0.034600 ms)

AssetImportParameters requested are different than current active one (requested -> active):
  custom:video-decoder-ogg-theora: a1e56fd34408186e4bbccfd4996cb3dc -> 
  custom:container-muxer-webm: aa71ff27fc2769a1b78a27578f13a17b -> 
  custom:container-demuxer-webm: 4f35f7cbe854078d1ac9338744f61a02 -> 
  custom:video-encoder-webm-vp8: eb34c28f22e8b96e1ab97ce403110664 -> 
  custom:audio-encoder-webm-vorbis: bf7c407c2cedff20999df2af8eb42d56 -> 
  custom:framework-win-MediaFoundation: 216162199b28c13a410421893ffa2e32 -> 
  custom:container-demuxer-ogg: 62fdf1f143b41e24485cea50d1cbac27 -> 
  custom:video-decoder-webm-vp8: 9c59270c3fd7afecdb556c50c9e8de78 -> 
  custom:audio-decoder-ogg-vorbis: bf7c407c2cedff20999df2af8eb42d56 -> 
